0 info it worked if it ends with ok
1 verbose cli [ '/usr/local/bin/node',
1 verbose cli   '/usr/local/bin/npm',
1 verbose cli   'install',
1 verbose cli   'nodebots-interchange' ]
2 info using npm@3.10.10
3 info using node@v6.11.3
4 silly loadCurrentTree Starting
5 silly install loadCurrentTree
6 silly install readLocalPackageData
7 silly fetchPackageMetaData nodebots-interchange
8 silly fetchNamedPackageData nodebots-interchange
9 silly mapToRegistry name nodebots-interchange
10 silly mapToRegistry using default registry
11 silly mapToRegistry registry https://registry.npmjs.org/
12 silly mapToRegistry data Result {
12 silly mapToRegistry   raw: 'nodebots-interchange',
12 silly mapToRegistry   scope: null,
12 silly mapToRegistry   escapedName: 'nodebots-interchange',
12 silly mapToRegistry   name: 'nodebots-interchange',
12 silly mapToRegistry   rawSpec: '',
12 silly mapToRegistry   spec: 'latest',
12 silly mapToRegistry   type: 'tag' }
13 silly mapToRegistry uri https://registry.npmjs.org/nodebots-interchange
14 verbose request uri https://registry.npmjs.org/nodebots-interchange
15 verbose request no auth needed
16 info attempt registry request try #1 at 14:46:18
17 verbose request id 0001f1cfb5c8b5da
18 http request GET https://registry.npmjs.org/nodebots-interchange
19 info retry will retry, error on last attempt: Error: connect ETIMEDOUT 104.16.22.35:443
20 info attempt registry request try #2 at 14:47:43
21 http request GET https://registry.npmjs.org/nodebots-interchange
22 info retry will retry, error on last attempt: Error: connect ETIMEDOUT 104.16.22.35:443
23 info attempt registry request try #3 at 14:49:58
24 http request GET https://registry.npmjs.org/nodebots-interchange
25 silly fetchPackageMetaData Error: connect ETIMEDOUT 104.16.16.35:443
25 silly fetchPackageMetaData     at Object.exports._errnoException (util.js:1020:11)
25 silly fetchPackageMetaData     at exports._exceptionWithHostPort (util.js:1043:20)
25 silly fetchPackageMetaData     at TCPConnectWrap.afterConnect [as oncomplete] (net.js:1086:14)
25 silly fetchPackageMetaData  error for nodebots-interchange { Error: connect ETIMEDOUT 104.16.16.35:443
25 silly fetchPackageMetaData     at Object.exports._errnoException (util.js:1020:11)
25 silly fetchPackageMetaData     at exports._exceptionWithHostPort (util.js:1043:20)
25 silly fetchPackageMetaData     at TCPConnectWrap.afterConnect [as oncomplete] (net.js:1086:14)
25 silly fetchPackageMetaData   code: 'ETIMEDOUT',
25 silly fetchPackageMetaData   errno: 'ETIMEDOUT',
25 silly fetchPackageMetaData   syscall: 'connect',
25 silly fetchPackageMetaData   address: '104.16.16.35',
25 silly fetchPackageMetaData   port: 443 }
26 silly rollbackFailedOptional Starting
27 silly rollbackFailedOptional Finishing
28 silly runTopLevelLifecycles Finishing
29 silly install printInstalled
30 verbose stack Error: connect ETIMEDOUT 104.16.16.35:443
30 verbose stack     at Object.exports._errnoException (util.js:1020:11)
30 verbose stack     at exports._exceptionWithHostPort (util.js:1043:20)
30 verbose stack     at TCPConnectWrap.afterConnect [as oncomplete] (net.js:1086:14)
31 verbose cwd /Users/dsaa-16-2017/Desktop/pentiometer-drive
32 error Darwin 16.7.0
33 error argv "/usr/local/bin/node" "/usr/local/bin/npm" "install" "nodebots-interchange"
34 error node v6.11.3
35 error npm  v3.10.10
36 error code ETIMEDOUT
37 error errno ETIMEDOUT
38 error syscall connect
39 error network connect ETIMEDOUT 104.16.16.35:443
40 error network This is most likely not a problem with npm itself
40 error network and is related to network connectivity.
40 error network In most cases you are behind a proxy or have bad network settings.
40 error network
40 error network If you are behind a proxy, please make sure that the
40 error network 'proxy' config is set properly.  See: 'npm help config'
41 verbose exit [ 1, true ]
